time ./a.exe < 1.in
1000000000000
..####.
..###..
..###..
..####.
....###
.....#.
.#####.
.#..#..
.#..#..
.####.#
.####.#
###.###
.#####.
.###...
.###...
.#.#...
.#.#.#.
.######
.#####.
....#..
....#..
....#..
....#..
.##.#..
.##.#..
..###..
....#..
...###.
#...#..
#####..
#.#....
#.#....
####...
..#####
...#.##
..####.
.##....
.##...#
..#...#
..#.###
..#..#.
..#.###
.#####.
....#..
....#..
....#..
....#..
.##.#..
.##.#..
..###..
...#...
..###..
...#...
..####.
..###..
..###..
..####.
....###
.....#.
.#####.
.#..#..
.#..#..
.####.#
.####.#
###.###
.#####.
.###...
.###...
.#.#...
.#.#.#.
.######
.#####.
....#..
....#..
....#..
....#..
.##.#..
.##.#..
..###..
....#..
...###.
#...#..
#####..
#.#....
#.#....
####...
..#####
...#.##
..####.
.##....
.##...#
..#...#
..#.###
..#..#.
..#.###
.#####.
....#..
....#..
....#..
....#..
.##.#..
.##.#..
..###..
...#...
..###..
...#...
..####.
.....##
.....##
......#
......#
...####
..###..
...#...
#..####
#...#..
#...#..
#...##.
##..##.
######.
.###...
..#....
.####..
....##.
....##.
....#..
..#.#..
..#.#..
#####..
..###..
...#...
..####.
#######
true 15 50 50 85
true 35
86 1000000000000 132
1514285714288
